2022-06-14 09:34:54,473 INFO [main] com.example.xxljob.XxlJobApplication [StartupInfoLogger.java : 55] Starting XxlJobApplication using Java 1.8.0_202 on localhost with PID 95495 (/Users/yulei/cloud-study/xxl-job/target/classes started by yulei in /Users/yulei/cloud-study/xxl-job)
2022-06-14 09:34:54,478 INFO [main] com.example.xxljob.XxlJobApplication [SpringApplication.java : 645] No active profile set, falling back to 1 default profile: "default"
2022-06-14 09:34:55,638 INFO [main] o.s.b.w.e.tomcat.TomcatWebServer [TomcatWebServer.java : 108] Tomcat initialized with port(s): 8087 (http)
2022-06-14 09:34:55,646 INFO [main] o.a.coyote.http11.Http11NioProtocol [DirectJDKLog.java : 173] Initializing ProtocolHandler ["http-nio-8087"]
2022-06-14 09:34:55,646 INFO [main] o.a.catalina.core.StandardService [DirectJDKLog.java : 173] Starting service [Tomcat]
2022-06-14 09:34:55,646 INFO [main] o.a.catalina.core.StandardEngine [DirectJDKLog.java : 173] Starting Servlet engine: [Apache Tomcat/9.0.63]
2022-06-14 09:34:55,765 INFO [main] o.a.c.c.C.[Tomcat].[localhost].[/] [DirectJDKLog.java : 173] Initializing Spring embedded WebApplicationContext
2022-06-14 09:34:55,765 INFO [main] o.s.b.w.s.c.ServletWebServerApplicationContext [ServletWebServerApplicationContext.java : 290] Root WebApplicationContext: initialization completed in 974 ms
2022-06-14 09:34:55,854 INFO [main] c.example.xxljob.config.XxlJobConfig [XxlJobConfig.java : 48] >>>>>>>>>>> xxl-job config init.
2022-06-14 09:34:56,189 INFO [main] c.x.job.core.executor.XxlJobExecutor [XxlJobExecutor.java : 183] >>>>>>>>>>> xxl-job register jobhandler success, name:demoJobHandler, jobHandler:com.xxl.job.core.handler.impl.MethodJobHandler@3f6bf8aa[class com.example.xxljob.job.MyJobHandler#execute]
2022-06-14 09:34:56,317 INFO [main] o.a.coyote.http11.Http11NioProtocol [DirectJDKLog.java : 173] Starting ProtocolHandler ["http-nio-8087"]
2022-06-14 09:34:56,337 INFO [main] o.s.b.w.e.tomcat.TomcatWebServer [TomcatWebServer.java : 220] Tomcat started on port(s): 8087 (http) with context path ''
2022-06-14 09:34:56,354 INFO [main] com.example.xxljob.XxlJobApplication [StartupInfoLogger.java : 61] Started XxlJobApplication in 2.266 seconds (JVM running for 2.991)
2022-06-14 09:34:56,395 INFO [Thread-9] com.xxl.job.core.server.EmbedServer [EmbedServer.java : 82] >>>>>>>>>>> xxl-job remoting server start success, nettype = class com.xxl.job.core.server.EmbedServer, port = 9997
2022-06-14 09:35:25,557 INFO [xxl-job, EmbedServer bizThreadPool-1383042571] c.x.job.core.executor.XxlJobExecutor [XxlJobExecutor.java : 246] >>>>>>>>>>> xxl-job regist JobThread success, jobId:5, handler:com.xxl.job.core.handler.impl.GlueJobHandler@ea95046
2022-06-14 09:35:25,563 INFO [xxl-job, EmbedServer bizThreadPool-1383042571] c.x.job.core.executor.XxlJobExecutor [XxlJobExecutor.java : 246] >>>>>>>>>>> xxl-job regist JobThread success, jobId:4, handler:com.xxl.job.core.handler.impl.MethodJobHandler@3f6bf8aa[class com.example.xxljob.job.MyJobHandler#execute]
2022-06-14 09:35:25,563 INFO [xxl-job, JobThread-4-1655170525563] com.example.xxljob.job.MyJobHandler [MyJobHandler.java : 34] 初始化成功!
2022-06-14 09:35:25,574 INFO [xxl-job, JobThread-4-1655170525563] com.example.xxljob.job.MyJobHandler [MyJobHandler.java : 27] 淘宝 execute 任务触发成功：2022-06-14T09:35:25.574
2022-06-14 09:35:26,039 INFO [xxl-job, JobThread-4-1655170525563] com.example.xxljob.job.MyJobHandler [MyJobHandler.java : 27] 淘宝 execute 任务触发成功：2022-06-14T09:35:26.038
2022-06-14 09:35:27,040 INFO [xxl-job, JobThread-4-1655170525563] com.example.xxljob.job.MyJobHandler [MyJobHandler.java : 27] 淘宝 execute 任务触发成功：2022-06-14T09:35:27.040
2022-06-14 09:35:28,043 INFO [xxl-job, JobThread-4-1655170525563] com.example.xxljob.job.MyJobHandler [MyJobHandler.java : 27] 淘宝 execute 任务触发成功：2022-06-14T09:35:28.042
2022-06-14 09:35:29,039 INFO [xxl-job, JobThread-4-1655170525563] com.example.xxljob.job.MyJobHandler [MyJobHandler.java : 27] 淘宝 execute 任务触发成功：2022-06-14T09:35:29.039
2022-06-14 09:35:30,033 INFO [xxl-job, JobThread-4-1655170525563] com.example.xxljob.job.MyJobHandler [MyJobHandler.java : 27] 淘宝 execute 任务触发成功：2022-06-14T09:35:30.032
2022-06-14 09:35:31,018 INFO [xxl-job, JobThread-4-1655170525563] com.example.xxljob.job.MyJobHandler [MyJobHandler.java : 27] 淘宝 execute 任务触发成功：2022-06-14T09:35:31.017
2022-06-14 09:35:32,025 INFO [xxl-job, JobThread-4-1655170525563] com.example.xxljob.job.MyJobHandler [MyJobHandler.java : 27] 淘宝 execute 任务触发成功：2022-06-14T09:35:32.024
2022-06-14 09:35:33,025 INFO [xxl-job, JobThread-4-1655170525563] com.example.xxljob.job.MyJobHandler [MyJobHandler.java : 27] 淘宝 execute 任务触发成功：2022-06-14T09:35:33.025
2022-06-14 09:35:34,023 INFO [xxl-job, JobThread-4-1655170525563] com.example.xxljob.job.MyJobHandler [MyJobHandler.java : 27] 淘宝 execute 任务触发成功：2022-06-14T09:35:34.022
2022-06-14 09:35:35,056 INFO [xxl-job, JobThread-4-1655170525563] com.example.xxljob.job.MyJobHandler [MyJobHandler.java : 27] 淘宝 execute 任务触发成功：2022-06-14T09:35:35.056
2022-06-14 09:35:36,041 INFO [xxl-job, JobThread-4-1655170525563] com.example.xxljob.job.MyJobHandler [MyJobHandler.java : 27] 淘宝 execute 任务触发成功：2022-06-14T09:35:36.041
2022-06-14 09:35:37,032 INFO [xxl-job, JobThread-4-1655170525563] com.example.xxljob.job.MyJobHandler [MyJobHandler.java : 27] 淘宝 execute 任务触发成功：2022-06-14T09:35:37.032
2022-06-14 09:35:38,048 INFO [xxl-job, JobThread-4-1655170525563] com.example.xxljob.job.MyJobHandler [MyJobHandler.java : 27] 淘宝 execute 任务触发成功：2022-06-14T09:35:38.048
2022-06-14 09:35:39,030 INFO [xxl-job, JobThread-4-1655170525563] com.example.xxljob.job.MyJobHandler [MyJobHandler.java : 27] 淘宝 execute 任务触发成功：2022-06-14T09:35:39.030
2022-06-14 09:35:40,042 INFO [xxl-job, JobThread-4-1655170525563] com.example.xxljob.job.MyJobHandler [MyJobHandler.java : 27] 淘宝 execute 任务触发成功：2022-06-14T09:35:40.042
2022-06-14 09:35:41,027 INFO [xxl-job, JobThread-4-1655170525563] com.example.xxljob.job.MyJobHandler [MyJobHandler.java : 27] 淘宝 execute 任务触发成功：2022-06-14T09:35:41.027
2022-06-14 09:35:42,035 INFO [xxl-job, JobThread-4-1655170525563] com.example.xxljob.job.MyJobHandler [MyJobHandler.java : 27] 淘宝 execute 任务触发成功：2022-06-14T09:35:42.035
2022-06-14 09:35:43,035 INFO [xxl-job, JobThread-4-1655170525563] com.example.xxljob.job.MyJobHandler [MyJobHandler.java : 27] 淘宝 execute 任务触发成功：2022-06-14T09:35:43.035
2022-06-14 09:35:44,048 INFO [xxl-job, JobThread-4-1655170525563] com.example.xxljob.job.MyJobHandler [MyJobHandler.java : 27] 淘宝 execute 任务触发成功：2022-06-14T09:35:44.048
2022-06-14 09:35:45,053 INFO [xxl-job, JobThread-4-1655170525563] com.example.xxljob.job.MyJobHandler [MyJobHandler.java : 27] 淘宝 execute 任务触发成功：2022-06-14T09:35:45.053
2022-06-14 09:35:46,042 INFO [xxl-job, JobThread-4-1655170525563] com.example.xxljob.job.MyJobHandler [MyJobHandler.java : 27] 淘宝 execute 任务触发成功：2022-06-14T09:35:46.042
2022-06-14 09:35:47,049 INFO [xxl-job, JobThread-4-1655170525563] com.example.xxljob.job.MyJobHandler [MyJobHandler.java : 27] 淘宝 execute 任务触发成功：2022-06-14T09:35:47.049
2022-06-14 09:35:48,030 INFO [xxl-job, JobThread-4-1655170525563] com.example.xxljob.job.MyJobHandler [MyJobHandler.java : 27] 淘宝 execute 任务触发成功：2022-06-14T09:35:48.030
2022-06-14 09:35:49,043 INFO [xxl-job, JobThread-4-1655170525563] com.example.xxljob.job.MyJobHandler [MyJobHandler.java : 27] 淘宝 execute 任务触发成功：2022-06-14T09:35:49.043
2022-06-14 09:35:50,045 INFO [xxl-job, JobThread-4-1655170525563] com.example.xxljob.job.MyJobHandler [MyJobHandler.java : 27] 淘宝 execute 任务触发成功：2022-06-14T09:35:50.045
2022-06-14 09:35:51,034 INFO [xxl-job, JobThread-4-1655170525563] com.example.xxljob.job.MyJobHandler [MyJobHandler.java : 27] 淘宝 execute 任务触发成功：2022-06-14T09:35:51.034
2022-06-14 09:35:52,034 INFO [xxl-job, JobThread-4-1655170525563] com.example.xxljob.job.MyJobHandler [MyJobHandler.java : 27] 淘宝 execute 任务触发成功：2022-06-14T09:35:52.034
2022-06-14 09:35:53,032 INFO [xxl-job, JobThread-4-1655170525563] com.example.xxljob.job.MyJobHandler [MyJobHandler.java : 27] 淘宝 execute 任务触发成功：2022-06-14T09:35:53.032
2022-06-14 09:35:54,019 INFO [xxl-job, JobThread-4-1655170525563] com.example.xxljob.job.MyJobHandler [MyJobHandler.java : 27] 淘宝 execute 任务触发成功：2022-06-14T09:35:54.019
2022-06-14 09:35:55,026 INFO [xxl-job, JobThread-4-1655170525563] com.example.xxljob.job.MyJobHandler [MyJobHandler.java : 27] 淘宝 execute 任务触发成功：2022-06-14T09:35:55.026
2022-06-14 09:35:56,050 INFO [xxl-job, JobThread-4-1655170525563] com.example.xxljob.job.MyJobHandler [MyJobHandler.java : 27] 淘宝 execute 任务触发成功：2022-06-14T09:35:56.050
2022-06-14 09:35:57,044 INFO [xxl-job, JobThread-4-1655170525563] com.example.xxljob.job.MyJobHandler [MyJobHandler.java : 27] 淘宝 execute 任务触发成功：2022-06-14T09:35:57.044
2022-06-14 09:35:58,027 INFO [xxl-job, JobThread-4-1655170525563] com.example.xxljob.job.MyJobHandler [MyJobHandler.java : 27] 淘宝 execute 任务触发成功：2022-06-14T09:35:58.023
2022-06-14 09:35:59,045 INFO [xxl-job, JobThread-4-1655170525563] com.example.xxljob.job.MyJobHandler [MyJobHandler.java : 27] 淘宝 execute 任务触发成功：2022-06-14T09:35:59.045
2022-06-14 09:36:00,032 INFO [xxl-job, JobThread-4-1655170525563] com.example.xxljob.job.MyJobHandler [MyJobHandler.java : 27] 淘宝 execute 任务触发成功：2022-06-14T09:36:00.032
2022-06-14 09:36:01,020 INFO [xxl-job, JobThread-4-1655170525563] com.example.xxljob.job.MyJobHandler [MyJobHandler.java : 27] 淘宝 execute 任务触发成功：2022-06-14T09:36:01.020
2022-06-14 09:36:02,024 INFO [xxl-job, JobThread-4-1655170525563] com.example.xxljob.job.MyJobHandler [MyJobHandler.java : 27] 淘宝 execute 任务触发成功：2022-06-14T09:36:02.024
2022-06-14 09:36:03,027 INFO [xxl-job, JobThread-4-1655170525563] com.example.xxljob.job.MyJobHandler [MyJobHandler.java : 27] 淘宝 execute 任务触发成功：2022-06-14T09:36:03.027
2022-06-14 09:36:04,028 INFO [xxl-job, JobThread-4-1655170525563] com.example.xxljob.job.MyJobHandler [MyJobHandler.java : 27] 淘宝 execute 任务触发成功：2022-06-14T09:36:04.028
2022-06-14 09:36:05,030 INFO [xxl-job, JobThread-4-1655170525563] com.example.xxljob.job.MyJobHandler [MyJobHandler.java : 27] 淘宝 execute 任务触发成功：2022-06-14T09:36:05.030
2022-06-14 09:36:06,042 INFO [xxl-job, JobThread-4-1655170525563] com.example.xxljob.job.MyJobHandler [MyJobHandler.java : 27] 淘宝 execute 任务触发成功：2022-06-14T09:36:06.042
2022-06-14 09:36:07,042 INFO [xxl-job, JobThread-4-1655170525563] com.example.xxljob.job.MyJobHandler [MyJobHandler.java : 27] 淘宝 execute 任务触发成功：2022-06-14T09:36:07.041
2022-06-14 09:36:08,048 INFO [xxl-job, JobThread-4-1655170525563] com.example.xxljob.job.MyJobHandler [MyJobHandler.java : 27] 淘宝 execute 任务触发成功：2022-06-14T09:36:08.047
2022-06-14 09:36:09,024 INFO [xxl-job, JobThread-4-1655170525563] com.example.xxljob.job.MyJobHandler [MyJobHandler.java : 27] 淘宝 execute 任务触发成功：2022-06-14T09:36:09.024
2022-06-14 09:36:10,035 INFO [xxl-job, JobThread-4-1655170525563] com.example.xxljob.job.MyJobHandler [MyJobHandler.java : 27] 淘宝 execute 任务触发成功：2022-06-14T09:36:10.035
2022-06-14 09:36:11,046 INFO [xxl-job, JobThread-4-1655170525563] com.example.xxljob.job.MyJobHandler [MyJobHandler.java : 27] 淘宝 execute 任务触发成功：2022-06-14T09:36:11.045
2022-06-14 09:36:12,043 INFO [xxl-job, JobThread-4-1655170525563] com.example.xxljob.job.MyJobHandler [MyJobHandler.java : 27] 淘宝 execute 任务触发成功：2022-06-14T09:36:12.043
2022-06-14 09:36:13,022 INFO [xxl-job, JobThread-4-1655170525563] com.example.xxljob.job.MyJobHandler [MyJobHandler.java : 27] 淘宝 execute 任务触发成功：2022-06-14T09:36:13.022
2022-06-14 09:36:14,038 INFO [xxl-job, JobThread-4-1655170525563] com.example.xxljob.job.MyJobHandler [MyJobHandler.java : 27] 淘宝 execute 任务触发成功：2022-06-14T09:36:14.038
2022-06-14 09:36:15,023 INFO [xxl-job, JobThread-4-1655170525563] com.example.xxljob.job.MyJobHandler [MyJobHandler.java : 27] 淘宝 execute 任务触发成功：2022-06-14T09:36:15.022
2022-06-14 09:36:16,028 INFO [xxl-job, JobThread-4-1655170525563] com.example.xxljob.job.MyJobHandler [MyJobHandler.java : 27] 淘宝 execute 任务触发成功：2022-06-14T09:36:16.028
2022-06-14 09:36:17,050 INFO [xxl-job, JobThread-4-1655170525563] com.example.xxljob.job.MyJobHandler [MyJobHandler.java : 27] 淘宝 execute 任务触发成功：2022-06-14T09:36:17.050
2022-06-14 09:36:18,029 INFO [xxl-job, JobThread-4-1655170525563] com.example.xxljob.job.MyJobHandler [MyJobHandler.java : 27] 淘宝 execute 任务触发成功：2022-06-14T09:36:18.029
2022-06-14 09:36:19,024 INFO [xxl-job, JobThread-4-1655170525563] com.example.xxljob.job.MyJobHandler [MyJobHandler.java : 27] 淘宝 execute 任务触发成功：2022-06-14T09:36:19.023
2022-06-14 09:36:20,031 INFO [xxl-job, JobThread-4-1655170525563] com.example.xxljob.job.MyJobHandler [MyJobHandler.java : 27] 淘宝 execute 任务触发成功：2022-06-14T09:36:20.031
2022-06-14 09:36:21,038 INFO [xxl-job, JobThread-4-1655170525563] com.example.xxljob.job.MyJobHandler [MyJobHandler.java : 27] 淘宝 execute 任务触发成功：2022-06-14T09:36:21.037
2022-06-14 09:37:54,156 INFO [xxl-job, JobThread-4-1655170525563] com.example.xxljob.job.MyJobHandler [MyJobHandler.java : 38] 销毁成功!
2022-06-14 09:37:54,162 INFO [xxl-job, JobThread-4-1655170525563] com.xxl.job.core.thread.JobThread [JobThread.java : 250] >>>>>>>>>>> xxl-job JobThread stoped, hashCode:Thread[xxl-job, JobThread-4-1655170525563,10,main]
2022-06-14 09:57:57,352 ERROR [xxl-job, executor ExecutorRegistryThread] c.x.job.core.util.XxlJobRemotingUtil [XxlJobRemotingUtil.java : 143] Connection refused (Connection refused)
java.net.ConnectException: Connection refused (Connection refused)
	at java.net.PlainSocketImpl.socketConnect(Native Method)
	at java.net.AbstractPlainSocketImpl.doConnect(AbstractPlainSocketImpl.java:350)
	at java.net.AbstractPlainSocketImpl.connectToAddress(AbstractPlainSocketImpl.java:206)
	at java.net.AbstractPlainSocketImpl.connect(AbstractPlainSocketImpl.java:188)
	at java.net.SocksSocketImpl.connect(SocksSocketImpl.java:392)
	at java.net.Socket.connect(Socket.java:589)
	at sun.net.NetworkClient.doConnect(NetworkClient.java:175)
	at sun.net.www.http.HttpClient.openServer(HttpClient.java:463)
	at sun.net.www.http.HttpClient.openServer(HttpClient.java:558)
	at sun.net.www.http.HttpClient.parseHTTPHeader(HttpClient.java:840)
	at sun.net.www.http.HttpClient.parseHTTP(HttpClient.java:678)
	at sun.net.www.protocol.http.HttpURLConnection.getInputStream0(HttpURLConnection.java:1587)
	at sun.net.www.protocol.http.HttpURLConnection.getInputStream(HttpURLConnection.java:1492)
	at java.net.HttpURLConnection.getResponseCode(HttpURLConnection.java:480)
	at com.xxl.job.core.util.XxlJobRemotingUtil.postBody(XxlJobRemotingUtil.java:119)
	at com.xxl.job.core.biz.client.AdminBizClient.registry(AdminBizClient.java:42)
	at com.xxl.job.core.thread.ExecutorRegistryThread$1.run(ExecutorRegistryThread.java:48)
	at java.lang.Thread.run(Thread.java:748)
2022-06-14 09:57:57,355 INFO [xxl-job, executor ExecutorRegistryThread] c.x.j.c.t.ExecutorRegistryThread [ExecutorRegistryThread.java : 54] >>>>>>>>>>> xxl-job registry fail, registryParam:RegistryParam{registryGroup='EXECUTOR', registryKey='yulei-shop', registryValue='http://10.122.138.27:9997/'}, registryResult:ReturnT [code=500, msg=xxl-job remoting error(Connection refused (Connection refused)), for url : http://127.0.0.1:8080/xxl-job-admin/api/registry, content=null]
2022-06-14 10:01:58,193 INFO [xxl-job, JobThread-5-1655170525556] com.xxl.job.core.thread.JobThread [JobThread.java : 250] >>>>>>>>>>> xxl-job JobThread stoped, hashCode:Thread[xxl-job, JobThread-5-1655170525556,10,main]
2022-06-14 11:07:00,353 ERROR [xxl-job, executor ExecutorRegistryThread] c.x.job.core.util.XxlJobRemotingUtil [XxlJobRemotingUtil.java : 143] Connection refused (Connection refused)
java.net.ConnectException: Connection refused (Connection refused)
	at java.net.PlainSocketImpl.socketConnect(Native Method)
	at java.net.AbstractPlainSocketImpl.doConnect(AbstractPlainSocketImpl.java:350)
	at java.net.AbstractPlainSocketImpl.connectToAddress(AbstractPlainSocketImpl.java:206)
	at java.net.AbstractPlainSocketImpl.connect(AbstractPlainSocketImpl.java:188)
	at java.net.SocksSocketImpl.connect(SocksSocketImpl.java:392)
	at java.net.Socket.connect(Socket.java:589)
	at sun.net.NetworkClient.doConnect(NetworkClient.java:175)
	at sun.net.www.http.HttpClient.openServer(HttpClient.java:463)
	at sun.net.www.http.HttpClient.openServer(HttpClient.java:558)
	at sun.net.www.http.HttpClient.<init>(HttpClient.java:242)
	at sun.net.www.http.HttpClient.New(HttpClient.java:339)
	at sun.net.www.http.HttpClient.New(HttpClient.java:371)
	at sun.net.www.protocol.http.HttpURLConnection.setNewClient(HttpURLConnection.java:775)
	at sun.net.www.protocol.http.HttpURLConnection.setNewClient(HttpURLConnection.java:763)
	at sun.net.www.protocol.http.HttpURLConnection.writeRequests(HttpURLConnection.java:705)
	at sun.net.www.protocol.http.HttpURLConnection.getInputStream0(HttpURLConnection.java:1585)
	at sun.net.www.protocol.http.HttpURLConnection.getInputStream(HttpURLConnection.java:1492)
	at java.net.HttpURLConnection.getResponseCode(HttpURLConnection.java:480)
	at com.xxl.job.core.util.XxlJobRemotingUtil.postBody(XxlJobRemotingUtil.java:119)
	at com.xxl.job.core.biz.client.AdminBizClient.registry(AdminBizClient.java:42)
	at com.xxl.job.core.thread.ExecutorRegistryThread$1.run(ExecutorRegistryThread.java:48)
	at java.lang.Thread.run(Thread.java:748)
2022-06-14 11:07:00,360 INFO [xxl-job, executor ExecutorRegistryThread] c.x.j.c.t.ExecutorRegistryThread [ExecutorRegistryThread.java : 54] >>>>>>>>>>> xxl-job registry fail, registryParam:RegistryParam{registryGroup='EXECUTOR', registryKey='yulei-shop', registryValue='http://10.122.138.27:9997/'}, registryResult:ReturnT [code=500, msg=xxl-job remoting error(Connection refused (Connection refused)), for url : http://127.0.0.1:8080/xxl-job-admin/api/registry, content=null]
2022-06-14 11:07:30,370 ERROR [xxl-job, executor ExecutorRegistryThread] c.x.job.core.util.XxlJobRemotingUtil [XxlJobRemotingUtil.java : 143] Connection refused (Connection refused)
java.net.ConnectException: Connection refused (Connection refused)
	at java.net.PlainSocketImpl.socketConnect(Native Method)
	at java.net.AbstractPlainSocketImpl.doConnect(AbstractPlainSocketImpl.java:350)
	at java.net.AbstractPlainSocketImpl.connectToAddress(AbstractPlainSocketImpl.java:206)
	at java.net.AbstractPlainSocketImpl.connect(AbstractPlainSocketImpl.java:188)
	at java.net.SocksSocketImpl.connect(SocksSocketImpl.java:392)
	at java.net.Socket.connect(Socket.java:589)
	at sun.net.NetworkClient.doConnect(NetworkClient.java:175)
	at sun.net.www.http.HttpClient.openServer(HttpClient.java:463)
	at sun.net.www.http.HttpClient.openServer(HttpClient.java:558)
	at sun.net.www.http.HttpClient.<init>(HttpClient.java:242)
	at sun.net.www.http.HttpClient.New(HttpClient.java:339)
	at sun.net.www.http.HttpClient.New(HttpClient.java:357)
	at sun.net.www.protocol.http.HttpURLConnection.getNewHttpClient(HttpURLConnection.java:1220)
	at sun.net.www.protocol.http.HttpURLConnection.plainConnect0(HttpURLConnection.java:1156)
	at sun.net.www.protocol.http.HttpURLConnection.plainConnect(HttpURLConnection.java:1050)
	at sun.net.www.protocol.http.HttpURLConnection.connect(HttpURLConnection.java:984)
	at com.xxl.job.core.util.XxlJobRemotingUtil.postBody(XxlJobRemotingUtil.java:99)
	at com.xxl.job.core.biz.client.AdminBizClient.registry(AdminBizClient.java:42)
	at com.xxl.job.core.thread.ExecutorRegistryThread$1.run(ExecutorRegistryThread.java:48)
	at java.lang.Thread.run(Thread.java:748)
2022-06-14 11:07:30,372 INFO [xxl-job, executor ExecutorRegistryThread] c.x.j.c.t.ExecutorRegistryThread [ExecutorRegistryThread.java : 54] >>>>>>>>>>> xxl-job registry fail, registryParam:RegistryParam{registryGroup='EXECUTOR', registryKey='yulei-shop', registryValue='http://10.122.138.27:9997/'}, registryResult:ReturnT [code=500, msg=xxl-job remoting error(Connection refused (Connection refused)), for url : http://127.0.0.1:8080/xxl-job-admin/api/registry, content=null]
2022-06-14 11:08:00,377 ERROR [xxl-job, executor ExecutorRegistryThread] c.x.job.core.util.XxlJobRemotingUtil [XxlJobRemotingUtil.java : 143] Connection refused (Connection refused)
java.net.ConnectException: Connection refused (Connection refused)
	at java.net.PlainSocketImpl.socketConnect(Native Method)
	at java.net.AbstractPlainSocketImpl.doConnect(AbstractPlainSocketImpl.java:350)
	at java.net.AbstractPlainSocketImpl.connectToAddress(AbstractPlainSocketImpl.java:206)
	at java.net.AbstractPlainSocketImpl.connect(AbstractPlainSocketImpl.java:188)
	at java.net.SocksSocketImpl.connect(SocksSocketImpl.java:392)
	at java.net.Socket.connect(Socket.java:589)
	at sun.net.NetworkClient.doConnect(NetworkClient.java:175)
	at sun.net.www.http.HttpClient.openServer(HttpClient.java:463)
	at sun.net.www.http.HttpClient.openServer(HttpClient.java:558)
	at sun.net.www.http.HttpClient.<init>(HttpClient.java:242)
	at sun.net.www.http.HttpClient.New(HttpClient.java:339)
	at sun.net.www.http.HttpClient.New(HttpClient.java:357)
	at sun.net.www.protocol.http.HttpURLConnection.getNewHttpClient(HttpURLConnection.java:1220)
	at sun.net.www.protocol.http.HttpURLConnection.plainConnect0(HttpURLConnection.java:1156)
	at sun.net.www.protocol.http.HttpURLConnection.plainConnect(HttpURLConnection.java:1050)
	at sun.net.www.protocol.http.HttpURLConnection.connect(HttpURLConnection.java:984)
	at com.xxl.job.core.util.XxlJobRemotingUtil.postBody(XxlJobRemotingUtil.java:99)
	at com.xxl.job.core.biz.client.AdminBizClient.registry(AdminBizClient.java:42)
	at com.xxl.job.core.thread.ExecutorRegistryThread$1.run(ExecutorRegistryThread.java:48)
	at java.lang.Thread.run(Thread.java:748)
2022-06-14 11:08:00,378 INFO [xxl-job, executor ExecutorRegistryThread] c.x.j.c.t.ExecutorRegistryThread [ExecutorRegistryThread.java : 54] >>>>>>>>>>> xxl-job registry fail, registryParam:RegistryParam{registryGroup='EXECUTOR', registryKey='yulei-shop', registryValue='http://10.122.138.27:9997/'}, registryResult:ReturnT [code=500, msg=xxl-job remoting error(Connection refused (Connection refused)), for url : http://127.0.0.1:8080/xxl-job-admin/api/registry, content=null]
2022-06-14 11:08:30,390 ERROR [xxl-job, executor ExecutorRegistryThread] c.x.job.core.util.XxlJobRemotingUtil [XxlJobRemotingUtil.java : 143] Connection refused (Connection refused)
java.net.ConnectException: Connection refused (Connection refused)
	at java.net.PlainSocketImpl.socketConnect(Native Method)
	at java.net.AbstractPlainSocketImpl.doConnect(AbstractPlainSocketImpl.java:350)
	at java.net.AbstractPlainSocketImpl.connectToAddress(AbstractPlainSocketImpl.java:206)
	at java.net.AbstractPlainSocketImpl.connect(AbstractPlainSocketImpl.java:188)
	at java.net.SocksSocketImpl.connect(SocksSocketImpl.java:392)
	at java.net.Socket.connect(Socket.java:589)
	at sun.net.NetworkClient.doConnect(NetworkClient.java:175)
	at sun.net.www.http.HttpClient.openServer(HttpClient.java:463)
	at sun.net.www.http.HttpClient.openServer(HttpClient.java:558)
	at sun.net.www.http.HttpClient.<init>(HttpClient.java:242)
	at sun.net.www.http.HttpClient.New(HttpClient.java:339)
	at sun.net.www.http.HttpClient.New(HttpClient.java:357)
	at sun.net.www.protocol.http.HttpURLConnection.getNewHttpClient(HttpURLConnection.java:1220)
	at sun.net.www.protocol.http.HttpURLConnection.plainConnect0(HttpURLConnection.java:1156)
	at sun.net.www.protocol.http.HttpURLConnection.plainConnect(HttpURLConnection.java:1050)
	at sun.net.www.protocol.http.HttpURLConnection.connect(HttpURLConnection.java:984)
	at com.xxl.job.core.util.XxlJobRemotingUtil.postBody(XxlJobRemotingUtil.java:99)
	at com.xxl.job.core.biz.client.AdminBizClient.registry(AdminBizClient.java:42)
	at com.xxl.job.core.thread.ExecutorRegistryThread$1.run(ExecutorRegistryThread.java:48)
	at java.lang.Thread.run(Thread.java:748)
2022-06-14 11:08:30,396 INFO [xxl-job, executor ExecutorRegistryThread] c.x.j.c.t.ExecutorRegistryThread [ExecutorRegistryThread.java : 54] >>>>>>>>>>> xxl-job registry fail, registryParam:RegistryParam{registryGroup='EXECUTOR', registryKey='yulei-shop', registryValue='http://10.122.138.27:9997/'}, registryResult:ReturnT [code=500, msg=xxl-job remoting error(Connection refused (Connection refused)), for url : http://127.0.0.1:8080/xxl-job-admin/api/registry, content=null]
2022-06-14 11:09:00,406 ERROR [xxl-job, executor ExecutorRegistryThread] c.x.job.core.util.XxlJobRemotingUtil [XxlJobRemotingUtil.java : 143] Connection refused (Connection refused)
java.net.ConnectException: Connection refused (Connection refused)
	at java.net.PlainSocketImpl.socketConnect(Native Method)
	at java.net.AbstractPlainSocketImpl.doConnect(AbstractPlainSocketImpl.java:350)
	at java.net.AbstractPlainSocketImpl.connectToAddress(AbstractPlainSocketImpl.java:206)
	at java.net.AbstractPlainSocketImpl.connect(AbstractPlainSocketImpl.java:188)
	at java.net.SocksSocketImpl.connect(SocksSocketImpl.java:392)
	at java.net.Socket.connect(Socket.java:589)
	at sun.net.NetworkClient.doConnect(NetworkClient.java:175)
	at sun.net.www.http.HttpClient.openServer(HttpClient.java:463)
	at sun.net.www.http.HttpClient.openServer(HttpClient.java:558)
	at sun.net.www.http.HttpClient.<init>(HttpClient.java:242)
	at sun.net.www.http.HttpClient.New(HttpClient.java:339)
	at sun.net.www.http.HttpClient.New(HttpClient.java:357)
	at sun.net.www.protocol.http.HttpURLConnection.getNewHttpClient(HttpURLConnection.java:1220)
	at sun.net.www.protocol.http.HttpURLConnection.plainConnect0(HttpURLConnection.java:1156)
	at sun.net.www.protocol.http.HttpURLConnection.plainConnect(HttpURLConnection.java:1050)
	at sun.net.www.protocol.http.HttpURLConnection.connect(HttpURLConnection.java:984)
	at com.xxl.job.core.util.XxlJobRemotingUtil.postBody(XxlJobRemotingUtil.java:99)
	at com.xxl.job.core.biz.client.AdminBizClient.registry(AdminBizClient.java:42)
	at com.xxl.job.core.thread.ExecutorRegistryThread$1.run(ExecutorRegistryThread.java:48)
	at java.lang.Thread.run(Thread.java:748)
2022-06-14 11:09:00,407 INFO [xxl-job, executor ExecutorRegistryThread] c.x.j.c.t.ExecutorRegistryThread [ExecutorRegistryThread.java : 54] >>>>>>>>>>> xxl-job registry fail, registryParam:RegistryParam{registryGroup='EXECUTOR', registryKey='yulei-shop', registryValue='http://10.122.138.27:9997/'}, registryResult:ReturnT [code=500, msg=xxl-job remoting error(Connection refused (Connection refused)), for url : http://127.0.0.1:8080/xxl-job-admin/api/registry, content=null]
2022-06-14 11:09:30,403 ERROR [xxl-job, executor ExecutorRegistryThread] c.x.job.core.util.XxlJobRemotingUtil [XxlJobRemotingUtil.java : 143] Connection refused (Connection refused)
java.net.ConnectException: Connection refused (Connection refused)
	at java.net.PlainSocketImpl.socketConnect(Native Method)
	at java.net.AbstractPlainSocketImpl.doConnect(AbstractPlainSocketImpl.java:350)
	at java.net.AbstractPlainSocketImpl.connectToAddress(AbstractPlainSocketImpl.java:206)
	at java.net.AbstractPlainSocketImpl.connect(AbstractPlainSocketImpl.java:188)
	at java.net.SocksSocketImpl.connect(SocksSocketImpl.java:392)
	at java.net.Socket.connect(Socket.java:589)
	at sun.net.NetworkClient.doConnect(NetworkClient.java:175)
	at sun.net.www.http.HttpClient.openServer(HttpClient.java:463)
	at sun.net.www.http.HttpClient.openServer(HttpClient.java:558)
	at sun.net.www.http.HttpClient.<init>(HttpClient.java:242)
	at sun.net.www.http.HttpClient.New(HttpClient.java:339)
	at sun.net.www.http.HttpClient.New(HttpClient.java:357)
	at sun.net.www.protocol.http.HttpURLConnection.getNewHttpClient(HttpURLConnection.java:1220)
	at sun.net.www.protocol.http.HttpURLConnection.plainConnect0(HttpURLConnection.java:1156)
	at sun.net.www.protocol.http.HttpURLConnection.plainConnect(HttpURLConnection.java:1050)
	at sun.net.www.protocol.http.HttpURLConnection.connect(HttpURLConnection.java:984)
	at com.xxl.job.core.util.XxlJobRemotingUtil.postBody(XxlJobRemotingUtil.java:99)
	at com.xxl.job.core.biz.client.AdminBizClient.registry(AdminBizClient.java:42)
	at com.xxl.job.core.thread.ExecutorRegistryThread$1.run(ExecutorRegistryThread.java:48)
	at java.lang.Thread.run(Thread.java:748)
2022-06-14 11:09:30,405 INFO [xxl-job, executor ExecutorRegistryThread] c.x.j.c.t.ExecutorRegistryThread [ExecutorRegistryThread.java : 54] >>>>>>>>>>> xxl-job registry fail, registryParam:RegistryParam{registryGroup='EXECUTOR', registryKey='yulei-shop', registryValue='http://10.122.138.27:9997/'}, registryResult:ReturnT [code=500, msg=xxl-job remoting error(Connection refused (Connection refused)), for url : http://127.0.0.1:8080/xxl-job-admin/api/registry, content=null]
2022-06-14 11:10:00,406 ERROR [xxl-job, executor ExecutorRegistryThread] c.x.job.core.util.XxlJobRemotingUtil [XxlJobRemotingUtil.java : 143] Connection refused (Connection refused)
java.net.ConnectException: Connection refused (Connection refused)
	at java.net.PlainSocketImpl.socketConnect(Native Method)
	at java.net.AbstractPlainSocketImpl.doConnect(AbstractPlainSocketImpl.java:350)
	at java.net.AbstractPlainSocketImpl.connectToAddress(AbstractPlainSocketImpl.java:206)
	at java.net.AbstractPlainSocketImpl.connect(AbstractPlainSocketImpl.java:188)
	at java.net.SocksSocketImpl.connect(SocksSocketImpl.java:392)
	at java.net.Socket.connect(Socket.java:589)
	at sun.net.NetworkClient.doConnect(NetworkClient.java:175)
	at sun.net.www.http.HttpClient.openServer(HttpClient.java:463)
	at sun.net.www.http.HttpClient.openServer(HttpClient.java:558)
	at sun.net.www.http.HttpClient.<init>(HttpClient.java:242)
	at sun.net.www.http.HttpClient.New(HttpClient.java:339)
	at sun.net.www.http.HttpClient.New(HttpClient.java:357)
	at sun.net.www.protocol.http.HttpURLConnection.getNewHttpClient(HttpURLConnection.java:1220)
	at sun.net.www.protocol.http.HttpURLConnection.plainConnect0(HttpURLConnection.java:1156)
	at sun.net.www.protocol.http.HttpURLConnection.plainConnect(HttpURLConnection.java:1050)
	at sun.net.www.protocol.http.HttpURLConnection.connect(HttpURLConnection.java:984)
	at com.xxl.job.core.util.XxlJobRemotingUtil.postBody(XxlJobRemotingUtil.java:99)
	at com.xxl.job.core.biz.client.AdminBizClient.registry(AdminBizClient.java:42)
	at com.xxl.job.core.thread.ExecutorRegistryThread$1.run(ExecutorRegistryThread.java:48)
	at java.lang.Thread.run(Thread.java:748)
2022-06-14 11:10:00,408 INFO [xxl-job, executor ExecutorRegistryThread] c.x.j.c.t.ExecutorRegistryThread [ExecutorRegistryThread.java : 54] >>>>>>>>>>> xxl-job registry fail, registryParam:RegistryParam{registryGroup='EXECUTOR', registryKey='yulei-shop', registryValue='http://10.122.138.27:9997/'}, registryResult:ReturnT [code=500, msg=xxl-job remoting error(Connection refused (Connection refused)), for url : http://127.0.0.1:8080/xxl-job-admin/api/registry, content=null]
2022-06-14 11:10:30,410 ERROR [xxl-job, executor ExecutorRegistryThread] c.x.job.core.util.XxlJobRemotingUtil [XxlJobRemotingUtil.java : 143] Connection refused (Connection refused)
java.net.ConnectException: Connection refused (Connection refused)
	at java.net.PlainSocketImpl.socketConnect(Native Method)
	at java.net.AbstractPlainSocketImpl.doConnect(AbstractPlainSocketImpl.java:350)
	at java.net.AbstractPlainSocketImpl.connectToAddress(AbstractPlainSocketImpl.java:206)
	at java.net.AbstractPlainSocketImpl.connect(AbstractPlainSocketImpl.java:188)
	at java.net.SocksSocketImpl.connect(SocksSocketImpl.java:392)
	at java.net.Socket.connect(Socket.java:589)
	at sun.net.NetworkClient.doConnect(NetworkClient.java:175)
	at sun.net.www.http.HttpClient.openServer(HttpClient.java:463)
	at sun.net.www.http.HttpClient.openServer(HttpClient.java:558)
	at sun.net.www.http.HttpClient.<init>(HttpClient.java:242)
	at sun.net.www.http.HttpClient.New(HttpClient.java:339)
	at sun.net.www.http.HttpClient.New(HttpClient.java:357)
	at sun.net.www.protocol.http.HttpURLConnection.getNewHttpClient(HttpURLConnection.java:1220)
	at sun.net.www.protocol.http.HttpURLConnection.plainConnect0(HttpURLConnection.java:1156)
	at sun.net.www.protocol.http.HttpURLConnection.plainConnect(HttpURLConnection.java:1050)
	at sun.net.www.protocol.http.HttpURLConnection.connect(HttpURLConnection.java:984)
	at com.xxl.job.core.util.XxlJobRemotingUtil.postBody(XxlJobRemotingUtil.java:99)
	at com.xxl.job.core.biz.client.AdminBizClient.registry(AdminBizClient.java:42)
	at com.xxl.job.core.thread.ExecutorRegistryThread$1.run(ExecutorRegistryThread.java:48)
	at java.lang.Thread.run(Thread.java:748)
2022-06-14 11:10:30,411 INFO [xxl-job, executor ExecutorRegistryThread] c.x.j.c.t.ExecutorRegistryThread [ExecutorRegistryThread.java : 54] >>>>>>>>>>> xxl-job registry fail, registryParam:RegistryParam{registryGroup='EXECUTOR', registryKey='yulei-shop', registryValue='http://10.122.138.27:9997/'}, registryResult:ReturnT [code=500, msg=xxl-job remoting error(Connection refused (Connection refused)), for url : http://127.0.0.1:8080/xxl-job-admin/api/registry, content=null]
2022-06-14 11:11:00,417 ERROR [xxl-job, executor ExecutorRegistryThread] c.x.job.core.util.XxlJobRemotingUtil [XxlJobRemotingUtil.java : 143] Connection refused (Connection refused)
java.net.ConnectException: Connection refused (Connection refused)
	at java.net.PlainSocketImpl.socketConnect(Native Method)
	at java.net.AbstractPlainSocketImpl.doConnect(AbstractPlainSocketImpl.java:350)
	at java.net.AbstractPlainSocketImpl.connectToAddress(AbstractPlainSocketImpl.java:206)
	at java.net.AbstractPlainSocketImpl.connect(AbstractPlainSocketImpl.java:188)
	at java.net.SocksSocketImpl.connect(SocksSocketImpl.java:392)
	at java.net.Socket.connect(Socket.java:589)
	at sun.net.NetworkClient.doConnect(NetworkClient.java:175)
	at sun.net.www.http.HttpClient.openServer(HttpClient.java:463)
	at sun.net.www.http.HttpClient.openServer(HttpClient.java:558)
	at sun.net.www.http.HttpClient.<init>(HttpClient.java:242)
	at sun.net.www.http.HttpClient.New(HttpClient.java:339)
	at sun.net.www.http.HttpClient.New(HttpClient.java:357)
	at sun.net.www.protocol.http.HttpURLConnection.getNewHttpClient(HttpURLConnection.java:1220)
	at sun.net.www.protocol.http.HttpURLConnection.plainConnect0(HttpURLConnection.java:1156)
	at sun.net.www.protocol.http.HttpURLConnection.plainConnect(HttpURLConnection.java:1050)
	at sun.net.www.protocol.http.HttpURLConnection.connect(HttpURLConnection.java:984)
	at com.xxl.job.core.util.XxlJobRemotingUtil.postBody(XxlJobRemotingUtil.java:99)
	at com.xxl.job.core.biz.client.AdminBizClient.registry(AdminBizClient.java:42)
	at com.xxl.job.core.thread.ExecutorRegistryThread$1.run(ExecutorRegistryThread.java:48)
	at java.lang.Thread.run(Thread.java:748)
2022-06-14 11:11:00,418 INFO [xxl-job, executor ExecutorRegistryThread] c.x.j.c.t.ExecutorRegistryThread [ExecutorRegistryThread.java : 54] >>>>>>>>>>> xxl-job registry fail, registryParam:RegistryParam{registryGroup='EXECUTOR', registryKey='yulei-shop', registryValue='http://10.122.138.27:9997/'}, registryResult:ReturnT [code=500, msg=xxl-job remoting error(Connection refused (Connection refused)), for url : http://127.0.0.1:8080/xxl-job-admin/api/registry, content=null]
2022-06-14 11:11:30,423 ERROR [xxl-job, executor ExecutorRegistryThread] c.x.job.core.util.XxlJobRemotingUtil [XxlJobRemotingUtil.java : 143] Connection refused (Connection refused)
java.net.ConnectException: Connection refused (Connection refused)
	at java.net.PlainSocketImpl.socketConnect(Native Method)
	at java.net.AbstractPlainSocketImpl.doConnect(AbstractPlainSocketImpl.java:350)
	at java.net.AbstractPlainSocketImpl.connectToAddress(AbstractPlainSocketImpl.java:206)
	at java.net.AbstractPlainSocketImpl.connect(AbstractPlainSocketImpl.java:188)
	at java.net.SocksSocketImpl.connect(SocksSocketImpl.java:392)
	at java.net.Socket.connect(Socket.java:589)
	at sun.net.NetworkClient.doConnect(NetworkClient.java:175)
	at sun.net.www.http.HttpClient.openServer(HttpClient.java:463)
	at sun.net.www.http.HttpClient.openServer(HttpClient.java:558)
	at sun.net.www.http.HttpClient.<init>(HttpClient.java:242)
	at sun.net.www.http.HttpClient.New(HttpClient.java:339)
	at sun.net.www.http.HttpClient.New(HttpClient.java:357)
	at sun.net.www.protocol.http.HttpURLConnection.getNewHttpClient(HttpURLConnection.java:1220)
	at sun.net.www.protocol.http.HttpURLConnection.plainConnect0(HttpURLConnection.java:1156)
	at sun.net.www.protocol.http.HttpURLConnection.plainConnect(HttpURLConnection.java:1050)
	at sun.net.www.protocol.http.HttpURLConnection.connect(HttpURLConnection.java:984)
	at com.xxl.job.core.util.XxlJobRemotingUtil.postBody(XxlJobRemotingUtil.java:99)
	at com.xxl.job.core.biz.client.AdminBizClient.registry(AdminBizClient.java:42)
	at com.xxl.job.core.thread.ExecutorRegistryThread$1.run(ExecutorRegistryThread.java:48)
	at java.lang.Thread.run(Thread.java:748)
2022-06-14 11:11:30,433 INFO [xxl-job, executor ExecutorRegistryThread] c.x.j.c.t.ExecutorRegistryThread [ExecutorRegistryThread.java : 54] >>>>>>>>>>> xxl-job registry fail, registryParam:RegistryParam{registryGroup='EXECUTOR', registryKey='yulei-shop', registryValue='http://10.122.138.27:9997/'}, registryResult:ReturnT [code=500, msg=xxl-job remoting error(Connection refused (Connection refused)), for url : http://127.0.0.1:8080/xxl-job-admin/api/registry, content=null]
2022-06-14 11:12:00,441 ERROR [xxl-job, executor ExecutorRegistryThread] c.x.job.core.util.XxlJobRemotingUtil [XxlJobRemotingUtil.java : 143] Connection refused (Connection refused)
java.net.ConnectException: Connection refused (Connection refused)
	at java.net.PlainSocketImpl.socketConnect(Native Method)
	at java.net.AbstractPlainSocketImpl.doConnect(AbstractPlainSocketImpl.java:350)
	at java.net.AbstractPlainSocketImpl.connectToAddress(AbstractPlainSocketImpl.java:206)
	at java.net.AbstractPlainSocketImpl.connect(AbstractPlainSocketImpl.java:188)
	at java.net.SocksSocketImpl.connect(SocksSocketImpl.java:392)
	at java.net.Socket.connect(Socket.java:589)
	at sun.net.NetworkClient.doConnect(NetworkClient.java:175)
	at sun.net.www.http.HttpClient.openServer(HttpClient.java:463)
	at sun.net.www.http.HttpClient.openServer(HttpClient.java:558)
	at sun.net.www.http.HttpClient.<init>(HttpClient.java:242)
	at sun.net.www.http.HttpClient.New(HttpClient.java:339)
	at sun.net.www.http.HttpClient.New(HttpClient.java:357)
	at sun.net.www.protocol.http.HttpURLConnection.getNewHttpClient(HttpURLConnection.java:1220)
	at sun.net.www.protocol.http.HttpURLConnection.plainConnect0(HttpURLConnection.java:1156)
	at sun.net.www.protocol.http.HttpURLConnection.plainConnect(HttpURLConnection.java:1050)
	at sun.net.www.protocol.http.HttpURLConnection.connect(HttpURLConnection.java:984)
	at com.xxl.job.core.util.XxlJobRemotingUtil.postBody(XxlJobRemotingUtil.java:99)
	at com.xxl.job.core.biz.client.AdminBizClient.registry(AdminBizClient.java:42)
	at com.xxl.job.core.thread.ExecutorRegistryThread$1.run(ExecutorRegistryThread.java:48)
	at java.lang.Thread.run(Thread.java:748)
2022-06-14 11:12:00,445 INFO [xxl-job, executor ExecutorRegistryThread] c.x.j.c.t.ExecutorRegistryThread [ExecutorRegistryThread.java : 54] >>>>>>>>>>> xxl-job registry fail, registryParam:RegistryParam{registryGroup='EXECUTOR', registryKey='yulei-shop', registryValue='http://10.122.138.27:9997/'}, registryResult:ReturnT [code=500, msg=xxl-job remoting error(Connection refused (Connection refused)), for url : http://127.0.0.1:8080/xxl-job-admin/api/registry, content=null]
2022-06-14 11:12:30,461 ERROR [xxl-job, executor ExecutorRegistryThread] c.x.job.core.util.XxlJobRemotingUtil [XxlJobRemotingUtil.java : 143] Connection refused (Connection refused)
java.net.ConnectException: Connection refused (Connection refused)
	at java.net.PlainSocketImpl.socketConnect(Native Method)
	at java.net.AbstractPlainSocketImpl.doConnect(AbstractPlainSocketImpl.java:350)
	at java.net.AbstractPlainSocketImpl.connectToAddress(AbstractPlainSocketImpl.java:206)
	at java.net.AbstractPlainSocketImpl.connect(AbstractPlainSocketImpl.java:188)
	at java.net.SocksSocketImpl.connect(SocksSocketImpl.java:392)
	at java.net.Socket.connect(Socket.java:589)
	at sun.net.NetworkClient.doConnect(NetworkClient.java:175)
	at sun.net.www.http.HttpClient.openServer(HttpClient.java:463)
	at sun.net.www.http.HttpClient.openServer(HttpClient.java:558)
	at sun.net.www.http.HttpClient.<init>(HttpClient.java:242)
	at sun.net.www.http.HttpClient.New(HttpClient.java:339)
	at sun.net.www.http.HttpClient.New(HttpClient.java:357)
	at sun.net.www.protocol.http.HttpURLConnection.getNewHttpClient(HttpURLConnection.java:1220)
	at sun.net.www.protocol.http.HttpURLConnection.plainConnect0(HttpURLConnection.java:1156)
	at sun.net.www.protocol.http.HttpURLConnection.plainConnect(HttpURLConnection.java:1050)
	at sun.net.www.protocol.http.HttpURLConnection.connect(HttpURLConnection.java:984)
	at com.xxl.job.core.util.XxlJobRemotingUtil.postBody(XxlJobRemotingUtil.java:99)
	at com.xxl.job.core.biz.client.AdminBizClient.registry(AdminBizClient.java:42)
	at com.xxl.job.core.thread.ExecutorRegistryThread$1.run(ExecutorRegistryThread.java:48)
	at java.lang.Thread.run(Thread.java:748)
2022-06-14 11:12:30,462 INFO [xxl-job, executor ExecutorRegistryThread] c.x.j.c.t.ExecutorRegistryThread [ExecutorRegistryThread.java : 54] >>>>>>>>>>> xxl-job registry fail, registryParam:RegistryParam{registryGroup='EXECUTOR', registryKey='yulei-shop', registryValue='http://10.122.138.27:9997/'}, registryResult:ReturnT [code=500, msg=xxl-job remoting error(Connection refused (Connection refused)), for url : http://127.0.0.1:8080/xxl-job-admin/api/registry, content=null]
2022-06-14 11:13:00,474 ERROR [xxl-job, executor ExecutorRegistryThread] c.x.job.core.util.XxlJobRemotingUtil [XxlJobRemotingUtil.java : 143] Connection refused (Connection refused)
java.net.ConnectException: Connection refused (Connection refused)
	at java.net.PlainSocketImpl.socketConnect(Native Method)
	at java.net.AbstractPlainSocketImpl.doConnect(AbstractPlainSocketImpl.java:350)
	at java.net.AbstractPlainSocketImpl.connectToAddress(AbstractPlainSocketImpl.java:206)
	at java.net.AbstractPlainSocketImpl.connect(AbstractPlainSocketImpl.java:188)
	at java.net.SocksSocketImpl.connect(SocksSocketImpl.java:392)
	at java.net.Socket.connect(Socket.java:589)
	at sun.net.NetworkClient.doConnect(NetworkClient.java:175)
	at sun.net.www.http.HttpClient.openServer(HttpClient.java:463)
	at sun.net.www.http.HttpClient.openServer(HttpClient.java:558)
	at sun.net.www.http.HttpClient.<init>(HttpClient.java:242)
	at sun.net.www.http.HttpClient.New(HttpClient.java:339)
	at sun.net.www.http.HttpClient.New(HttpClient.java:357)
	at sun.net.www.protocol.http.HttpURLConnection.getNewHttpClient(HttpURLConnection.java:1220)
	at sun.net.www.protocol.http.HttpURLConnection.plainConnect0(HttpURLConnection.java:1156)
	at sun.net.www.protocol.http.HttpURLConnection.plainConnect(HttpURLConnection.java:1050)
	at sun.net.www.protocol.http.HttpURLConnection.connect(HttpURLConnection.java:984)
	at com.xxl.job.core.util.XxlJobRemotingUtil.postBody(XxlJobRemotingUtil.java:99)
	at com.xxl.job.core.biz.client.AdminBizClient.registry(AdminBizClient.java:42)
	at com.xxl.job.core.thread.ExecutorRegistryThread$1.run(ExecutorRegistryThread.java:48)
	at java.lang.Thread.run(Thread.java:748)
2022-06-14 11:13:00,482 INFO [xxl-job, executor ExecutorRegistryThread] c.x.j.c.t.ExecutorRegistryThread [ExecutorRegistryThread.java : 54] >>>>>>>>>>> xxl-job registry fail, registryParam:RegistryParam{registryGroup='EXECUTOR', registryKey='yulei-shop', registryValue='http://10.122.138.27:9997/'}, registryResult:ReturnT [code=500, msg=xxl-job remoting error(Connection refused (Connection refused)), for url : http://127.0.0.1:8080/xxl-job-admin/api/registry, content=null]
2022-06-14 11:13:30,489 ERROR [xxl-job, executor ExecutorRegistryThread] c.x.job.core.util.XxlJobRemotingUtil [XxlJobRemotingUtil.java : 143] Connection refused (Connection refused)
java.net.ConnectException: Connection refused (Connection refused)
	at java.net.PlainSocketImpl.socketConnect(Native Method)
	at java.net.AbstractPlainSocketImpl.doConnect(AbstractPlainSocketImpl.java:350)
	at java.net.AbstractPlainSocketImpl.connectToAddress(AbstractPlainSocketImpl.java:206)
	at java.net.AbstractPlainSocketImpl.connect(AbstractPlainSocketImpl.java:188)
	at java.net.SocksSocketImpl.connect(SocksSocketImpl.java:392)
	at java.net.Socket.connect(Socket.java:589)
	at sun.net.NetworkClient.doConnect(NetworkClient.java:175)
	at sun.net.www.http.HttpClient.openServer(HttpClient.java:463)
	at sun.net.www.http.HttpClient.openServer(HttpClient.java:558)
	at sun.net.www.http.HttpClient.<init>(HttpClient.java:242)
	at sun.net.www.http.HttpClient.New(HttpClient.java:339)
	at sun.net.www.http.HttpClient.New(HttpClient.java:357)
	at sun.net.www.protocol.http.HttpURLConnection.getNewHttpClient(HttpURLConnection.java:1220)
	at sun.net.www.protocol.http.HttpURLConnection.plainConnect0(HttpURLConnection.java:1156)
	at sun.net.www.protocol.http.HttpURLConnection.plainConnect(HttpURLConnection.java:1050)
	at sun.net.www.protocol.http.HttpURLConnection.connect(HttpURLConnection.java:984)
	at com.xxl.job.core.util.XxlJobRemotingUtil.postBody(XxlJobRemotingUtil.java:99)
	at com.xxl.job.core.biz.client.AdminBizClient.registry(AdminBizClient.java:42)
	at com.xxl.job.core.thread.ExecutorRegistryThread$1.run(ExecutorRegistryThread.java:48)
	at java.lang.Thread.run(Thread.java:748)
2022-06-14 11:13:30,490 INFO [xxl-job, executor ExecutorRegistryThread] c.x.j.c.t.ExecutorRegistryThread [ExecutorRegistryThread.java : 54] >>>>>>>>>>> xxl-job registry fail, registryParam:RegistryParam{registryGroup='EXECUTOR', registryKey='yulei-shop', registryValue='http://10.122.138.27:9997/'}, registryResult:ReturnT [code=500, msg=xxl-job remoting error(Connection refused (Connection refused)), for url : http://127.0.0.1:8080/xxl-job-admin/api/registry, content=null]
2022-06-14 11:14:00,507 ERROR [xxl-job, executor ExecutorRegistryThread] c.x.job.core.util.XxlJobRemotingUtil [XxlJobRemotingUtil.java : 143] Connection refused (Connection refused)
java.net.ConnectException: Connection refused (Connection refused)
	at java.net.PlainSocketImpl.socketConnect(Native Method)
	at java.net.AbstractPlainSocketImpl.doConnect(AbstractPlainSocketImpl.java:350)
	at java.net.AbstractPlainSocketImpl.connectToAddress(AbstractPlainSocketImpl.java:206)
	at java.net.AbstractPlainSocketImpl.connect(AbstractPlainSocketImpl.java:188)
	at java.net.SocksSocketImpl.connect(SocksSocketImpl.java:392)
	at java.net.Socket.connect(Socket.java:589)
	at sun.net.NetworkClient.doConnect(NetworkClient.java:175)
	at sun.net.www.http.HttpClient.openServer(HttpClient.java:463)
	at sun.net.www.http.HttpClient.openServer(HttpClient.java:558)
	at sun.net.www.http.HttpClient.<init>(HttpClient.java:242)
	at sun.net.www.http.HttpClient.New(HttpClient.java:339)
	at sun.net.www.http.HttpClient.New(HttpClient.java:357)
	at sun.net.www.protocol.http.HttpURLConnection.getNewHttpClient(HttpURLConnection.java:1220)
	at sun.net.www.protocol.http.HttpURLConnection.plainConnect0(HttpURLConnection.java:1156)
	at sun.net.www.protocol.http.HttpURLConnection.plainConnect(HttpURLConnection.java:1050)
	at sun.net.www.protocol.http.HttpURLConnection.connect(HttpURLConnection.java:984)
	at com.xxl.job.core.util.XxlJobRemotingUtil.postBody(XxlJobRemotingUtil.java:99)
	at com.xxl.job.core.biz.client.AdminBizClient.registry(AdminBizClient.java:42)
	at com.xxl.job.core.thread.ExecutorRegistryThread$1.run(ExecutorRegistryThread.java:48)
	at java.lang.Thread.run(Thread.java:748)
2022-06-14 11:14:00,508 INFO [xxl-job, executor ExecutorRegistryThread] c.x.j.c.t.ExecutorRegistryThread [ExecutorRegistryThread.java : 54] >>>>>>>>>>> xxl-job registry fail, registryParam:RegistryParam{registryGroup='EXECUTOR', registryKey='yulei-shop', registryValue='http://10.122.138.27:9997/'}, registryResult:ReturnT [code=500, msg=xxl-job remoting error(Connection refused (Connection refused)), for url : http://127.0.0.1:8080/xxl-job-admin/api/registry, content=null]
2022-06-14 11:14:30,512 ERROR [xxl-job, executor ExecutorRegistryThread] c.x.job.core.util.XxlJobRemotingUtil [XxlJobRemotingUtil.java : 143] Connection refused (Connection refused)
java.net.ConnectException: Connection refused (Connection refused)
	at java.net.PlainSocketImpl.socketConnect(Native Method)
	at java.net.AbstractPlainSocketImpl.doConnect(AbstractPlainSocketImpl.java:350)
	at java.net.AbstractPlainSocketImpl.connectToAddress(AbstractPlainSocketImpl.java:206)
	at java.net.AbstractPlainSocketImpl.connect(AbstractPlainSocketImpl.java:188)
	at java.net.SocksSocketImpl.connect(SocksSocketImpl.java:392)
	at java.net.Socket.connect(Socket.java:589)
	at sun.net.NetworkClient.doConnect(NetworkClient.java:175)
	at sun.net.www.http.HttpClient.openServer(HttpClient.java:463)
	at sun.net.www.http.HttpClient.openServer(HttpClient.java:558)
	at sun.net.www.http.HttpClient.<init>(HttpClient.java:242)
	at sun.net.www.http.HttpClient.New(HttpClient.java:339)
	at sun.net.www.http.HttpClient.New(HttpClient.java:357)
	at sun.net.www.protocol.http.HttpURLConnection.getNewHttpClient(HttpURLConnection.java:1220)
	at sun.net.www.protocol.http.HttpURLConnection.plainConnect0(HttpURLConnection.java:1156)
	at sun.net.www.protocol.http.HttpURLConnection.plainConnect(HttpURLConnection.java:1050)
	at sun.net.www.protocol.http.HttpURLConnection.connect(HttpURLConnection.java:984)
	at com.xxl.job.core.util.XxlJobRemotingUtil.postBody(XxlJobRemotingUtil.java:99)
	at com.xxl.job.core.biz.client.AdminBizClient.registry(AdminBizClient.java:42)
	at com.xxl.job.core.thread.ExecutorRegistryThread$1.run(ExecutorRegistryThread.java:48)
	at java.lang.Thread.run(Thread.java:748)
2022-06-14 11:14:30,512 INFO [xxl-job, executor ExecutorRegistryThread] c.x.j.c.t.ExecutorRegistryThread [ExecutorRegistryThread.java : 54] >>>>>>>>>>> xxl-job registry fail, registryParam:RegistryParam{registryGroup='EXECUTOR', registryKey='yulei-shop', registryValue='http://10.122.138.27:9997/'}, registryResult:ReturnT [code=500, msg=xxl-job remoting error(Connection refused (Connection refused)), for url : http://127.0.0.1:8080/xxl-job-admin/api/registry, content=null]
2022-06-14 11:15:00,519 ERROR [xxl-job, executor ExecutorRegistryThread] c.x.job.core.util.XxlJobRemotingUtil [XxlJobRemotingUtil.java : 143] Connection refused (Connection refused)
java.net.ConnectException: Connection refused (Connection refused)
	at java.net.PlainSocketImpl.socketConnect(Native Method)
	at java.net.AbstractPlainSocketImpl.doConnect(AbstractPlainSocketImpl.java:350)
	at java.net.AbstractPlainSocketImpl.connectToAddress(AbstractPlainSocketImpl.java:206)
	at java.net.AbstractPlainSocketImpl.connect(AbstractPlainSocketImpl.java:188)
	at java.net.SocksSocketImpl.connect(SocksSocketImpl.java:392)
	at java.net.Socket.connect(Socket.java:589)
	at sun.net.NetworkClient.doConnect(NetworkClient.java:175)
	at sun.net.www.http.HttpClient.openServer(HttpClient.java:463)
	at sun.net.www.http.HttpClient.openServer(HttpClient.java:558)
	at sun.net.www.http.HttpClient.<init>(HttpClient.java:242)
	at sun.net.www.http.HttpClient.New(HttpClient.java:339)
	at sun.net.www.http.HttpClient.New(HttpClient.java:357)
	at sun.net.www.protocol.http.HttpURLConnection.getNewHttpClient(HttpURLConnection.java:1220)
	at sun.net.www.protocol.http.HttpURLConnection.plainConnect0(HttpURLConnection.java:1156)
	at sun.net.www.protocol.http.HttpURLConnection.plainConnect(HttpURLConnection.java:1050)
	at sun.net.www.protocol.http.HttpURLConnection.connect(HttpURLConnection.java:984)
	at com.xxl.job.core.util.XxlJobRemotingUtil.postBody(XxlJobRemotingUtil.java:99)
	at com.xxl.job.core.biz.client.AdminBizClient.registry(AdminBizClient.java:42)
	at com.xxl.job.core.thread.ExecutorRegistryThread$1.run(ExecutorRegistryThread.java:48)
	at java.lang.Thread.run(Thread.java:748)
2022-06-14 11:15:00,521 INFO [xxl-job, executor ExecutorRegistryThread] c.x.j.c.t.ExecutorRegistryThread [ExecutorRegistryThread.java : 54] >>>>>>>>>>> xxl-job registry fail, registryParam:RegistryParam{registryGroup='EXECUTOR', registryKey='yulei-shop', registryValue='http://10.122.138.27:9997/'}, registryResult:ReturnT [code=500, msg=xxl-job remoting error(Connection refused (Connection refused)), for url : http://127.0.0.1:8080/xxl-job-admin/api/registry, content=null]
2022-06-14 11:15:30,526 ERROR [xxl-job, executor ExecutorRegistryThread] c.x.job.core.util.XxlJobRemotingUtil [XxlJobRemotingUtil.java : 143] Connection refused (Connection refused)
java.net.ConnectException: Connection refused (Connection refused)
	at java.net.PlainSocketImpl.socketConnect(Native Method)
	at java.net.AbstractPlainSocketImpl.doConnect(AbstractPlainSocketImpl.java:350)
	at java.net.AbstractPlainSocketImpl.connectToAddress(AbstractPlainSocketImpl.java:206)
	at java.net.AbstractPlainSocketImpl.connect(AbstractPlainSocketImpl.java:188)
	at java.net.SocksSocketImpl.connect(SocksSocketImpl.java:392)
	at java.net.Socket.connect(Socket.java:589)
	at sun.net.NetworkClient.doConnect(NetworkClient.java:175)
	at sun.net.www.http.HttpClient.openServer(HttpClient.java:463)
	at sun.net.www.http.HttpClient.openServer(HttpClient.java:558)
	at sun.net.www.http.HttpClient.<init>(HttpClient.java:242)
	at sun.net.www.http.HttpClient.New(HttpClient.java:339)
	at sun.net.www.http.HttpClient.New(HttpClient.java:357)
	at sun.net.www.protocol.http.HttpURLConnection.getNewHttpClient(HttpURLConnection.java:1220)
	at sun.net.www.protocol.http.HttpURLConnection.plainConnect0(HttpURLConnection.java:1156)
	at sun.net.www.protocol.http.HttpURLConnection.plainConnect(HttpURLConnection.java:1050)
	at sun.net.www.protocol.http.HttpURLConnection.connect(HttpURLConnection.java:984)
	at com.xxl.job.core.util.XxlJobRemotingUtil.postBody(XxlJobRemotingUtil.java:99)
	at com.xxl.job.core.biz.client.AdminBizClient.registry(AdminBizClient.java:42)
	at com.xxl.job.core.thread.ExecutorRegistryThread$1.run(ExecutorRegistryThread.java:48)
	at java.lang.Thread.run(Thread.java:748)
2022-06-14 11:15:30,535 INFO [xxl-job, executor ExecutorRegistryThread] c.x.j.c.t.ExecutorRegistryThread [ExecutorRegistryThread.java : 54] >>>>>>>>>>> xxl-job registry fail, registryParam:RegistryParam{registryGroup='EXECUTOR', registryKey='yulei-shop', registryValue='http://10.122.138.27:9997/'}, registryResult:ReturnT [code=500, msg=xxl-job remoting error(Connection refused (Connection refused)), for url : http://127.0.0.1:8080/xxl-job-admin/api/registry, content=null]
2022-06-14 11:16:00,545 ERROR [xxl-job, executor ExecutorRegistryThread] c.x.job.core.util.XxlJobRemotingUtil [XxlJobRemotingUtil.java : 143] Connection refused (Connection refused)
java.net.ConnectException: Connection refused (Connection refused)
	at java.net.PlainSocketImpl.socketConnect(Native Method)
	at java.net.AbstractPlainSocketImpl.doConnect(AbstractPlainSocketImpl.java:350)
	at java.net.AbstractPlainSocketImpl.connectToAddress(AbstractPlainSocketImpl.java:206)
	at java.net.AbstractPlainSocketImpl.connect(AbstractPlainSocketImpl.java:188)
	at java.net.SocksSocketImpl.connect(SocksSocketImpl.java:392)
	at java.net.Socket.connect(Socket.java:589)
	at sun.net.NetworkClient.doConnect(NetworkClient.java:175)
	at sun.net.www.http.HttpClient.openServer(HttpClient.java:463)
	at sun.net.www.http.HttpClient.openServer(HttpClient.java:558)
	at sun.net.www.http.HttpClient.<init>(HttpClient.java:242)
	at sun.net.www.http.HttpClient.New(HttpClient.java:339)
	at sun.net.www.http.HttpClient.New(HttpClient.java:357)
	at sun.net.www.protocol.http.HttpURLConnection.getNewHttpClient(HttpURLConnection.java:1220)
	at sun.net.www.protocol.http.HttpURLConnection.plainConnect0(HttpURLConnection.java:1156)
	at sun.net.www.protocol.http.HttpURLConnection.plainConnect(HttpURLConnection.java:1050)
	at sun.net.www.protocol.http.HttpURLConnection.connect(HttpURLConnection.java:984)
	at com.xxl.job.core.util.XxlJobRemotingUtil.postBody(XxlJobRemotingUtil.java:99)
	at com.xxl.job.core.biz.client.AdminBizClient.registry(AdminBizClient.java:42)
	at com.xxl.job.core.thread.ExecutorRegistryThread$1.run(ExecutorRegistryThread.java:48)
	at java.lang.Thread.run(Thread.java:748)
2022-06-14 11:16:00,546 INFO [xxl-job, executor ExecutorRegistryThread] c.x.j.c.t.ExecutorRegistryThread [ExecutorRegistryThread.java : 54] >>>>>>>>>>> xxl-job registry fail, registryParam:RegistryParam{registryGroup='EXECUTOR', registryKey='yulei-shop', registryValue='http://10.122.138.27:9997/'}, registryResult:ReturnT [code=500, msg=xxl-job remoting error(Connection refused (Connection refused)), for url : http://127.0.0.1:8080/xxl-job-admin/api/registry, content=null]
2022-06-14 11:16:02,212 INFO [Thread-9] com.xxl.job.core.server.EmbedServer [EmbedServer.java : 91] >>>>>>>>>>> xxl-job remoting server stop.
2022-06-14 11:16:02,216 ERROR [xxl-job, executor ExecutorRegistryThread] c.x.job.core.util.XxlJobRemotingUtil [XxlJobRemotingUtil.java : 143] Connection refused (Connection refused)
java.net.ConnectException: Connection refused (Connection refused)
	at java.net.PlainSocketImpl.socketConnect(Native Method)
	at java.net.AbstractPlainSocketImpl.doConnect(AbstractPlainSocketImpl.java:350)
	at java.net.AbstractPlainSocketImpl.connectToAddress(AbstractPlainSocketImpl.java:206)
	at java.net.AbstractPlainSocketImpl.connect(AbstractPlainSocketImpl.java:188)
	at java.net.SocksSocketImpl.connect(SocksSocketImpl.java:392)
	at java.net.Socket.connect(Socket.java:589)
	at sun.net.NetworkClient.doConnect(NetworkClient.java:175)
	at sun.net.www.http.HttpClient.openServer(HttpClient.java:463)
	at sun.net.www.http.HttpClient.openServer(HttpClient.java:558)
	at sun.net.www.http.HttpClient.<init>(HttpClient.java:242)
	at sun.net.www.http.HttpClient.New(HttpClient.java:339)
	at sun.net.www.http.HttpClient.New(HttpClient.java:357)
	at sun.net.www.protocol.http.HttpURLConnection.getNewHttpClient(HttpURLConnection.java:1220)
	at sun.net.www.protocol.http.HttpURLConnection.plainConnect0(HttpURLConnection.java:1156)
	at sun.net.www.protocol.http.HttpURLConnection.plainConnect(HttpURLConnection.java:1050)
	at sun.net.www.protocol.http.HttpURLConnection.connect(HttpURLConnection.java:984)
	at com.xxl.job.core.util.XxlJobRemotingUtil.postBody(XxlJobRemotingUtil.java:99)
	at com.xxl.job.core.biz.client.AdminBizClient.registryRemove(AdminBizClient.java:47)
	at com.xxl.job.core.thread.ExecutorRegistryThread$1.run(ExecutorRegistryThread.java:84)
	at java.lang.Thread.run(Thread.java:748)
2022-06-14 11:16:02,217 INFO [xxl-job, executor ExecutorRegistryThread] c.x.j.c.t.ExecutorRegistryThread [ExecutorRegistryThread.java : 90] >>>>>>>>>>> xxl-job registry-remove fail, registryParam:RegistryParam{registryGroup='EXECUTOR', registryKey='yulei-shop', registryValue='http://10.122.138.27:9997/'}, registryResult:ReturnT [code=500, msg=xxl-job remoting error(Connection refused (Connection refused)), for url : http://127.0.0.1:8080/xxl-job-admin/api/registryRemove, content=null]
2022-06-14 11:16:02,217 INFO [xxl-job, executor ExecutorRegistryThread] c.x.j.c.t.ExecutorRegistryThread [ExecutorRegistryThread.java : 105] >>>>>>>>>>> xxl-job, executor registry thread destroy.
2022-06-14 11:16:02,217 INFO [SpringApplicationShutdownHook] com.xxl.job.core.server.EmbedServer [EmbedServer.java : 117] >>>>>>>>>>> xxl-job remoting server destroy success.
2022-06-14 11:16:02,219 INFO [xxl-job, executor JobLogFileCleanThread] c.x.j.c.thread.JobLogFileCleanThread [JobLogFileCleanThread.java : 99] >>>>>>>>>>> xxl-job, executor JobLogFileCleanThread thread destroy.
2022-06-14 11:16:02,220 INFO [xxl-job, executor TriggerCallbackThread] c.x.j.c.thread.TriggerCallbackThread [TriggerCallbackThread.java : 98] >>>>>>>>>>> xxl-job, executor callback thread destroy.
2022-06-14 11:16:02,222 INFO [Thread-8] c.x.j.c.thread.TriggerCallbackThread [TriggerCallbackThread.java : 128] >>>>>>>>>>> xxl-job, executor retry callback thread destroy.
