2022-07-18 08:57:37  [ flink-akka.actor.default-dispatcher-6:39387 ] - [ ERROR ]  
connection-pool-node14:3306 - Exception during pool initialization.
com.mysql.cj.jdbc.exceptions.CommunicationsException: Communications link failure

The last packet sent successfully to the server was 0 milliseconds ago. The driver has not received any packets from the server.
	at com.mysql.cj.jdbc.exceptions.SQLError.createCommunicationsException(SQLError.java:174)
	at com.mysql.cj.jdbc.exceptions.SQLExceptionsMapping.translateException(SQLExceptionsMapping.java:64)
	at com.mysql.cj.jdbc.ConnectionImpl.createNewIO(ConnectionImpl.java:836)
	at com.mysql.cj.jdbc.ConnectionImpl.<init>(ConnectionImpl.java:456)
	at com.mysql.cj.jdbc.ConnectionImpl.getInstance(ConnectionImpl.java:246)
	at com.mysql.cj.jdbc.NonRegisteringDriver.connect(NonRegisteringDriver.java:197)
	at com.zaxxer.hikari.util.DriverDataSource.getConnection(DriverDataSource.java:138)
	at com.zaxxer.hikari.pool.PoolBase.newConnection(PoolBase.java:364)
	at com.zaxxer.hikari.pool.PoolBase.newPoolEntry(PoolBase.java:206)
	at com.zaxxer.hikari.pool.HikariPool.createPoolEntry(HikariPool.java:476)
	at com.zaxxer.hikari.pool.HikariPool.checkFailFast(HikariPool.java:561)
	at com.zaxxer.hikari.pool.HikariPool.<init>(HikariPool.java:115)
	at com.zaxxer.hikari.HikariDataSource.<init>(HikariDataSource.java:81)
	at com.ververica.cdc.connectors.mysql.source.connection.PooledDataSourceFactory.createPooledDataSource(PooledDataSourceFactory.java:63)
	at com.ververica.cdc.connectors.mysql.source.connection.JdbcConnectionPools.getOrCreateConnectionPool(JdbcConnectionPools.java:51)
	at com.ververica.cdc.connectors.mysql.source.connection.JdbcConnectionFactory.connect(JdbcConnectionFactory.java:53)
	at io.debezium.jdbc.JdbcConnection.connection(JdbcConnection.java:872)
	at io.debezium.jdbc.JdbcConnection.connection(JdbcConnection.java:867)
	at io.debezium.jdbc.JdbcConnection.connect(JdbcConnection.java:413)
	at com.ververica.cdc.connectors.mysql.debezium.DebeziumUtils.openJdbcConnection(DebeziumUtils.java:62)
	at com.ververica.cdc.connectors.mysql.MySqlValidator.validate(MySqlValidator.java:68)
	at com.ververica.cdc.connectors.mysql.source.MySqlSource.createEnumerator(MySqlSource.java:174)
	at org.apache.flink.runtime.source.coordinator.SourceCoordinator.start(SourceCoordinator.java:128)
	at org.apache.flink.runtime.operators.coordination.RecreateOnResetOperatorCoordinator$DeferrableCoordinator.applyCall(RecreateOnResetOperatorCoordinator.java:291)
	at org.apache.flink.runtime.operators.coordination.RecreateOnResetOperatorCoordinator.start(RecreateOnResetOperatorCoordinator.java:70)
	at org.apache.flink.runtime.operators.coordination.OperatorCoordinatorHolder.start(OperatorCoordinatorHolder.java:194)
	at org.apache.flink.runtime.scheduler.DefaultOperatorCoordinatorHandler.startAllOperatorCoordinators(DefaultOperatorCoordinatorHandler.java:85)
	at org.apache.flink.runtime.scheduler.SchedulerBase.startScheduling(SchedulerBase.java:592)
	at org.apache.flink.runtime.jobmaster.JobMaster.startScheduling(JobMaster.java:955)
	at org.apache.flink.runtime.jobmaster.JobMaster.startJobExecution(JobMaster.java:873)
	at org.apache.flink.runtime.jobmaster.JobMaster.onStart(JobMaster.java:383)
	at org.apache.flink.runtime.rpc.RpcEndpoint.internalCallOnStart(RpcEndpoint.java:181)
	at org.apache.flink.runtime.rpc.akka.AkkaRpcActor$StoppedState.start(AkkaRpcActor.java:605)
	at org.apache.flink.runtime.rpc.akka.AkkaRpcActor.handleControlMessage(AkkaRpcActor.java:180)
	at akka.japi.pf.UnitCaseStatement.apply(CaseStatements.scala:26)
	at akka.japi.pf.UnitCaseStatement.apply(CaseStatements.scala:21)
	at scala.PartialFunction.applyOrElse(PartialFunction.scala:123)
	at scala.PartialFunction.applyOrElse$(PartialFunction.scala:122)
	at akka.japi.pf.UnitCaseStatement.applyOrElse(CaseStatements.scala:21)
	at scala.PartialFunction$OrElse.applyOrElse(PartialFunction.scala:171)
	at scala.PartialFunction$OrElse.applyOrElse(PartialFunction.scala:172)
	at akka.actor.Actor.aroundReceive(Actor.scala:517)
	at akka.actor.Actor.aroundReceive$(Actor.scala:515)
	at akka.actor.AbstractActor.aroundReceive(AbstractActor.scala:225)
	at akka.actor.ActorCell.receiveMessage(ActorCell.scala:592)
	at akka.actor.ActorCell.invoke(ActorCell.scala:561)
	at akka.dispatch.Mailbox.processMailbox(Mailbox.scala:258)
	at akka.dispatch.Mailbox.run(Mailbox.scala:225)
	at akka.dispatch.Mailbox.exec(Mailbox.scala:235)
	at akka.dispatch.forkjoin.ForkJoinTask.doExec(ForkJoinTask.java:260)
	at akka.dispatch.forkjoin.ForkJoinPool$WorkQueue.runTask(ForkJoinPool.java:1339)
	at akka.dispatch.forkjoin.ForkJoinPool.runWorker(ForkJoinPool.java:1979)
	at akka.dispatch.forkjoin.ForkJoinWorkerThread.run(ForkJoinWorkerThread.java:107)
Caused by: com.mysql.cj.exceptions.CJCommunicationsException: Communications link failure

The last packet sent successfully to the server was 0 milliseconds ago. The driver has not received any packets from the server.
	at sun.reflect.NativeConstructorAccessorImpl.newInstance0(Native Method)
	at sun.reflect.NativeConstructorAccessorImpl.newInstance(NativeConstructorAccessorImpl.java:62)
	at sun.reflect.DelegatingConstructorAccessorImpl.newInstance(DelegatingConstructorAccessorImpl.java:45)
	at java.lang.reflect.Constructor.newInstance(Constructor.java:423)
	at com.mysql.cj.exceptions.ExceptionFactory.createException(ExceptionFactory.java:61)
	at com.mysql.cj.exceptions.ExceptionFactory.createException(ExceptionFactory.java:105)
	at com.mysql.cj.exceptions.ExceptionFactory.createException(ExceptionFactory.java:151)
	at com.mysql.cj.exceptions.ExceptionFactory.createCommunicationsException(ExceptionFactory.java:167)
	at com.mysql.cj.protocol.a.NativeSocketConnection.connect(NativeSocketConnection.java:91)
	at com.mysql.cj.NativeSession.connect(NativeSession.java:144)
	at com.mysql.cj.jdbc.ConnectionImpl.connectOneTryOnly(ConnectionImpl.java:956)
	at com.mysql.cj.jdbc.ConnectionImpl.createNewIO(ConnectionImpl.java:826)
	... 50 more
Caused by: java.net.SocketTimeoutException: connect timed out
	at java.net.PlainSocketImpl.socketConnect(Native Method)
	at java.net.AbstractPlainSocketImpl.doConnect(AbstractPlainSocketImpl.java:350)
	at java.net.AbstractPlainSocketImpl.connectToAddress(AbstractPlainSocketImpl.java:206)
	at java.net.AbstractPlainSocketImpl.connect(AbstractPlainSocketImpl.java:188)
	at java.net.SocksSocketImpl.connect(SocksSocketImpl.java:392)
	at java.net.Socket.connect(Socket.java:589)
	at com.mysql.cj.protocol.StandardSocketFactory.connect(StandardSocketFactory.java:155)
	at com.mysql.cj.protocol.a.NativeSocketConnection.connect(NativeSocketConnection.java:65)
	... 53 more
2022-07-18 08:57:37  [ flink-akka.actor.default-dispatcher-6:39409 ] - [ ERROR ]  
Failed to open MySQL connection
com.zaxxer.hikari.pool.HikariPool$PoolInitializationException: Failed to initialize pool: Communications link failure

The last packet sent successfully to the server was 0 milliseconds ago. The driver has not received any packets from the server.
	at com.zaxxer.hikari.pool.HikariPool.throwPoolInitializationException(HikariPool.java:596)
	at com.zaxxer.hikari.pool.HikariPool.checkFailFast(HikariPool.java:582)
	at com.zaxxer.hikari.pool.HikariPool.<init>(HikariPool.java:115)
	at com.zaxxer.hikari.HikariDataSource.<init>(HikariDataSource.java:81)
	at com.ververica.cdc.connectors.mysql.source.connection.PooledDataSourceFactory.createPooledDataSource(PooledDataSourceFactory.java:63)
	at com.ververica.cdc.connectors.mysql.source.connection.JdbcConnectionPools.getOrCreateConnectionPool(JdbcConnectionPools.java:51)
	at com.ververica.cdc.connectors.mysql.source.connection.JdbcConnectionFactory.connect(JdbcConnectionFactory.java:53)
	at io.debezium.jdbc.JdbcConnection.connection(JdbcConnection.java:872)
	at io.debezium.jdbc.JdbcConnection.connection(JdbcConnection.java:867)
	at io.debezium.jdbc.JdbcConnection.connect(JdbcConnection.java:413)
	at com.ververica.cdc.connectors.mysql.debezium.DebeziumUtils.openJdbcConnection(DebeziumUtils.java:62)
	at com.ververica.cdc.connectors.mysql.MySqlValidator.validate(MySqlValidator.java:68)
	at com.ververica.cdc.connectors.mysql.source.MySqlSource.createEnumerator(MySqlSource.java:174)
	at org.apache.flink.runtime.source.coordinator.SourceCoordinator.start(SourceCoordinator.java:128)
	at org.apache.flink.runtime.operators.coordination.RecreateOnResetOperatorCoordinator$DeferrableCoordinator.applyCall(RecreateOnResetOperatorCoordinator.java:291)
	at org.apache.flink.runtime.operators.coordination.RecreateOnResetOperatorCoordinator.start(RecreateOnResetOperatorCoordinator.java:70)
	at org.apache.flink.runtime.operators.coordination.OperatorCoordinatorHolder.start(OperatorCoordinatorHolder.java:194)
	at org.apache.flink.runtime.scheduler.DefaultOperatorCoordinatorHandler.startAllOperatorCoordinators(DefaultOperatorCoordinatorHandler.java:85)
	at org.apache.flink.runtime.scheduler.SchedulerBase.startScheduling(SchedulerBase.java:592)
	at org.apache.flink.runtime.jobmaster.JobMaster.startScheduling(JobMaster.java:955)
	at org.apache.flink.runtime.jobmaster.JobMaster.startJobExecution(JobMaster.java:873)
	at org.apache.flink.runtime.jobmaster.JobMaster.onStart(JobMaster.java:383)
	at org.apache.flink.runtime.rpc.RpcEndpoint.internalCallOnStart(RpcEndpoint.java:181)
	at org.apache.flink.runtime.rpc.akka.AkkaRpcActor$StoppedState.start(AkkaRpcActor.java:605)
	at org.apache.flink.runtime.rpc.akka.AkkaRpcActor.handleControlMessage(AkkaRpcActor.java:180)
	at akka.japi.pf.UnitCaseStatement.apply(CaseStatements.scala:26)
	at akka.japi.pf.UnitCaseStatement.apply(CaseStatements.scala:21)
	at scala.PartialFunction.applyOrElse(PartialFunction.scala:123)
	at scala.PartialFunction.applyOrElse$(PartialFunction.scala:122)
	at akka.japi.pf.UnitCaseStatement.applyOrElse(CaseStatements.scala:21)
	at scala.PartialFunction$OrElse.applyOrElse(PartialFunction.scala:171)
	at scala.PartialFunction$OrElse.applyOrElse(PartialFunction.scala:172)
	at akka.actor.Actor.aroundReceive(Actor.scala:517)
	at akka.actor.Actor.aroundReceive$(Actor.scala:515)
	at akka.actor.AbstractActor.aroundReceive(AbstractActor.scala:225)
	at akka.actor.ActorCell.receiveMessage(ActorCell.scala:592)
	at akka.actor.ActorCell.invoke(ActorCell.scala:561)
	at akka.dispatch.Mailbox.processMailbox(Mailbox.scala:258)
	at akka.dispatch.Mailbox.run(Mailbox.scala:225)
	at akka.dispatch.Mailbox.exec(Mailbox.scala:235)
	at akka.dispatch.forkjoin.ForkJoinTask.doExec(ForkJoinTask.java:260)
	at akka.dispatch.forkjoin.ForkJoinPool$WorkQueue.runTask(ForkJoinPool.java:1339)
	at akka.dispatch.forkjoin.ForkJoinPool.runWorker(ForkJoinPool.java:1979)
	at akka.dispatch.forkjoin.ForkJoinWorkerThread.run(ForkJoinWorkerThread.java:107)
Caused by: com.mysql.cj.jdbc.exceptions.CommunicationsException: Communications link failure

The last packet sent successfully to the server was 0 milliseconds ago. The driver has not received any packets from the server.
	at com.mysql.cj.jdbc.exceptions.SQLError.createCommunicationsException(SQLError.java:174)
	at com.mysql.cj.jdbc.exceptions.SQLExceptionsMapping.translateException(SQLExceptionsMapping.java:64)
	at com.mysql.cj.jdbc.ConnectionImpl.createNewIO(ConnectionImpl.java:836)
	at com.mysql.cj.jdbc.ConnectionImpl.<init>(ConnectionImpl.java:456)
	at com.mysql.cj.jdbc.ConnectionImpl.getInstance(ConnectionImpl.java:246)
	at com.mysql.cj.jdbc.NonRegisteringDriver.connect(NonRegisteringDriver.java:197)
	at com.zaxxer.hikari.util.DriverDataSource.getConnection(DriverDataSource.java:138)
	at com.zaxxer.hikari.pool.PoolBase.newConnection(PoolBase.java:364)
	at com.zaxxer.hikari.pool.PoolBase.newPoolEntry(PoolBase.java:206)
	at com.zaxxer.hikari.pool.HikariPool.createPoolEntry(HikariPool.java:476)
	at com.zaxxer.hikari.pool.HikariPool.checkFailFast(HikariPool.java:561)
	... 42 more
Caused by: com.mysql.cj.exceptions.CJCommunicationsException: Communications link failure

The last packet sent successfully to the server was 0 milliseconds ago. The driver has not received any packets from the server.
	at sun.reflect.NativeConstructorAccessorImpl.newInstance0(Native Method)
	at sun.reflect.NativeConstructorAccessorImpl.newInstance(NativeConstructorAccessorImpl.java:62)
	at sun.reflect.DelegatingConstructorAccessorImpl.newInstance(DelegatingConstructorAccessorImpl.java:45)
	at java.lang.reflect.Constructor.newInstance(Constructor.java:423)
	at com.mysql.cj.exceptions.ExceptionFactory.createException(ExceptionFactory.java:61)
	at com.mysql.cj.exceptions.ExceptionFactory.createException(ExceptionFactory.java:105)
	at com.mysql.cj.exceptions.ExceptionFactory.createException(ExceptionFactory.java:151)
	at com.mysql.cj.exceptions.ExceptionFactory.createCommunicationsException(ExceptionFactory.java:167)
	at com.mysql.cj.protocol.a.NativeSocketConnection.connect(NativeSocketConnection.java:91)
	at com.mysql.cj.NativeSession.connect(NativeSession.java:144)
	at com.mysql.cj.jdbc.ConnectionImpl.connectOneTryOnly(ConnectionImpl.java:956)
	at com.mysql.cj.jdbc.ConnectionImpl.createNewIO(ConnectionImpl.java:826)
	... 50 more
Caused by: java.net.SocketTimeoutException: connect timed out
	at java.net.PlainSocketImpl.socketConnect(Native Method)
	at java.net.AbstractPlainSocketImpl.doConnect(AbstractPlainSocketImpl.java:350)
	at java.net.AbstractPlainSocketImpl.connectToAddress(AbstractPlainSocketImpl.java:206)
	at java.net.AbstractPlainSocketImpl.connect(AbstractPlainSocketImpl.java:188)
	at java.net.SocksSocketImpl.connect(SocksSocketImpl.java:392)
	at java.net.Socket.connect(Socket.java:589)
	at com.mysql.cj.protocol.StandardSocketFactory.connect(StandardSocketFactory.java:155)
	at com.mysql.cj.protocol.a.NativeSocketConnection.connect(NativeSocketConnection.java:65)
	... 53 more
2022-07-18 08:57:37  [ flink-akka.actor.default-dispatcher-6:39414 ] - [ ERROR ]  
Failed to create Source Enumerator for source Source: MySQL Source
org.apache.flink.util.FlinkRuntimeException: com.zaxxer.hikari.pool.HikariPool$PoolInitializationException: Failed to initialize pool: Communications link failure

The last packet sent successfully to the server was 0 milliseconds ago. The driver has not received any packets from the server.
	at com.ververica.cdc.connectors.mysql.debezium.DebeziumUtils.openJdbcConnection(DebeziumUtils.java:65)
	at com.ververica.cdc.connectors.mysql.MySqlValidator.validate(MySqlValidator.java:68)
	at com.ververica.cdc.connectors.mysql.source.MySqlSource.createEnumerator(MySqlSource.java:174)
	at org.apache.flink.runtime.source.coordinator.SourceCoordinator.start(SourceCoordinator.java:128)
	at org.apache.flink.runtime.operators.coordination.RecreateOnResetOperatorCoordinator$DeferrableCoordinator.applyCall(RecreateOnResetOperatorCoordinator.java:291)
	at org.apache.flink.runtime.operators.coordination.RecreateOnResetOperatorCoordinator.start(RecreateOnResetOperatorCoordinator.java:70)
	at org.apache.flink.runtime.operators.coordination.OperatorCoordinatorHolder.start(OperatorCoordinatorHolder.java:194)
	at org.apache.flink.runtime.scheduler.DefaultOperatorCoordinatorHandler.startAllOperatorCoordinators(DefaultOperatorCoordinatorHandler.java:85)
	at org.apache.flink.runtime.scheduler.SchedulerBase.startScheduling(SchedulerBase.java:592)
	at org.apache.flink.runtime.jobmaster.JobMaster.startScheduling(JobMaster.java:955)
	at org.apache.flink.runtime.jobmaster.JobMaster.startJobExecution(JobMaster.java:873)
	at org.apache.flink.runtime.jobmaster.JobMaster.onStart(JobMaster.java:383)
	at org.apache.flink.runtime.rpc.RpcEndpoint.internalCallOnStart(RpcEndpoint.java:181)
	at org.apache.flink.runtime.rpc.akka.AkkaRpcActor$StoppedState.start(AkkaRpcActor.java:605)
	at org.apache.flink.runtime.rpc.akka.AkkaRpcActor.handleControlMessage(AkkaRpcActor.java:180)
	at akka.japi.pf.UnitCaseStatement.apply(CaseStatements.scala:26)
	at akka.japi.pf.UnitCaseStatement.apply(CaseStatements.scala:21)
	at scala.PartialFunction.applyOrElse(PartialFunction.scala:123)
	at scala.PartialFunction.applyOrElse$(PartialFunction.scala:122)
	at akka.japi.pf.UnitCaseStatement.applyOrElse(CaseStatements.scala:21)
	at scala.PartialFunction$OrElse.applyOrElse(PartialFunction.scala:171)
	at scala.PartialFunction$OrElse.applyOrElse(PartialFunction.scala:172)
	at akka.actor.Actor.aroundReceive(Actor.scala:517)
	at akka.actor.Actor.aroundReceive$(Actor.scala:515)
	at akka.actor.AbstractActor.aroundReceive(AbstractActor.scala:225)
	at akka.actor.ActorCell.receiveMessage(ActorCell.scala:592)
	at akka.actor.ActorCell.invoke(ActorCell.scala:561)
	at akka.dispatch.Mailbox.processMailbox(Mailbox.scala:258)
	at akka.dispatch.Mailbox.run(Mailbox.scala:225)
	at akka.dispatch.Mailbox.exec(Mailbox.scala:235)
	at akka.dispatch.forkjoin.ForkJoinTask.doExec(ForkJoinTask.java:260)
	at akka.dispatch.forkjoin.ForkJoinPool$WorkQueue.runTask(ForkJoinPool.java:1339)
	at akka.dispatch.forkjoin.ForkJoinPool.runWorker(ForkJoinPool.java:1979)
	at akka.dispatch.forkjoin.ForkJoinWorkerThread.run(ForkJoinWorkerThread.java:107)
Caused by: com.zaxxer.hikari.pool.HikariPool$PoolInitializationException: Failed to initialize pool: Communications link failure

The last packet sent successfully to the server was 0 milliseconds ago. The driver has not received any packets from the server.
	at com.zaxxer.hikari.pool.HikariPool.throwPoolInitializationException(HikariPool.java:596)
	at com.zaxxer.hikari.pool.HikariPool.checkFailFast(HikariPool.java:582)
	at com.zaxxer.hikari.pool.HikariPool.<init>(HikariPool.java:115)
	at com.zaxxer.hikari.HikariDataSource.<init>(HikariDataSource.java:81)
	at com.ververica.cdc.connectors.mysql.source.connection.PooledDataSourceFactory.createPooledDataSource(PooledDataSourceFactory.java:63)
	at com.ververica.cdc.connectors.mysql.source.connection.JdbcConnectionPools.getOrCreateConnectionPool(JdbcConnectionPools.java:51)
	at com.ververica.cdc.connectors.mysql.source.connection.JdbcConnectionFactory.connect(JdbcConnectionFactory.java:53)
	at io.debezium.jdbc.JdbcConnection.connection(JdbcConnection.java:872)
	at io.debezium.jdbc.JdbcConnection.connection(JdbcConnection.java:867)
	at io.debezium.jdbc.JdbcConnection.connect(JdbcConnection.java:413)
	at com.ververica.cdc.connectors.mysql.debezium.DebeziumUtils.openJdbcConnection(DebeziumUtils.java:62)
	... 33 more
Caused by: com.mysql.cj.jdbc.exceptions.CommunicationsException: Communications link failure

The last packet sent successfully to the server was 0 milliseconds ago. The driver has not received any packets from the server.
	at com.mysql.cj.jdbc.exceptions.SQLError.createCommunicationsException(SQLError.java:174)
	at com.mysql.cj.jdbc.exceptions.SQLExceptionsMapping.translateException(SQLExceptionsMapping.java:64)
	at com.mysql.cj.jdbc.ConnectionImpl.createNewIO(ConnectionImpl.java:836)
	at com.mysql.cj.jdbc.ConnectionImpl.<init>(ConnectionImpl.java:456)
	at com.mysql.cj.jdbc.ConnectionImpl.getInstance(ConnectionImpl.java:246)
	at com.mysql.cj.jdbc.NonRegisteringDriver.connect(NonRegisteringDriver.java:197)
	at com.zaxxer.hikari.util.DriverDataSource.getConnection(DriverDataSource.java:138)
	at com.zaxxer.hikari.pool.PoolBase.newConnection(PoolBase.java:364)
	at com.zaxxer.hikari.pool.PoolBase.newPoolEntry(PoolBase.java:206)
	at com.zaxxer.hikari.pool.HikariPool.createPoolEntry(HikariPool.java:476)
	at com.zaxxer.hikari.pool.HikariPool.checkFailFast(HikariPool.java:561)
	... 42 more
Caused by: com.mysql.cj.exceptions.CJCommunicationsException: Communications link failure

The last packet sent successfully to the server was 0 milliseconds ago. The driver has not received any packets from the server.
	at sun.reflect.NativeConstructorAccessorImpl.newInstance0(Native Method)
	at sun.reflect.NativeConstructorAccessorImpl.newInstance(NativeConstructorAccessorImpl.java:62)
	at sun.reflect.DelegatingConstructorAccessorImpl.newInstance(DelegatingConstructorAccessorImpl.java:45)
	at java.lang.reflect.Constructor.newInstance(Constructor.java:423)
	at com.mysql.cj.exceptions.ExceptionFactory.createException(ExceptionFactory.java:61)
	at com.mysql.cj.exceptions.ExceptionFactory.createException(ExceptionFactory.java:105)
	at com.mysql.cj.exceptions.ExceptionFactory.createException(ExceptionFactory.java:151)
	at com.mysql.cj.exceptions.ExceptionFactory.createCommunicationsException(ExceptionFactory.java:167)
	at com.mysql.cj.protocol.a.NativeSocketConnection.connect(NativeSocketConnection.java:91)
	at com.mysql.cj.NativeSession.connect(NativeSession.java:144)
	at com.mysql.cj.jdbc.ConnectionImpl.connectOneTryOnly(ConnectionImpl.java:956)
	at com.mysql.cj.jdbc.ConnectionImpl.createNewIO(ConnectionImpl.java:826)
	... 50 more
Caused by: java.net.SocketTimeoutException: connect timed out
	at java.net.PlainSocketImpl.socketConnect(Native Method)
	at java.net.AbstractPlainSocketImpl.doConnect(AbstractPlainSocketImpl.java:350)
	at java.net.AbstractPlainSocketImpl.connectToAddress(AbstractPlainSocketImpl.java:206)
	at java.net.AbstractPlainSocketImpl.connect(AbstractPlainSocketImpl.java:188)
	at java.net.SocksSocketImpl.connect(SocksSocketImpl.java:392)
	at java.net.Socket.connect(Socket.java:589)
	at com.mysql.cj.protocol.StandardSocketFactory.connect(StandardSocketFactory.java:155)
	at com.mysql.cj.protocol.a.NativeSocketConnection.connect(NativeSocketConnection.java:65)
	... 53 more
